zaoed/build/app/intermediates/manifest_merge_blame_file/debug/manifest-merger-blame-debug-report.txt
1<?xml version="1.0" encoding="utf-8"?>
2<manifest xmlns:android="http://schemas.android.com/apk/res/android"
3    package="com.example.zaoed"
4    android:versionCode="1"
5    android:versionName="0.1.0" >
6
7    <uses-sdk
8        android:minSdkVersion="21"
9        android:targetSdkVersion="34" />
10    <!--
11         The INTERNET permission is required for development. Specifically,
12         the Flutter tool needs it to communicate with the running application
13         to allow setting breakpoints, to provide hot reload, etc.
14    -->
15    <uses-permission android:name="android.permission.INTERNET" />
15-->src\debug\AndroidManifest.xml:6:5-66
15-->src\debug\AndroidManifest.xml:6:22-64
16    <uses-permission android:name="android.permission.FOREGROUND_SERVICE" />
16-->src\main\AndroidManifest.xml:2:1-73
16-->src\main\AndroidManifest.xml:2:18-70
17    <uses-permission android:name="android.permission.ACCESS_BACKGROUND_LOCATION" />
17-->src\main\AndroidManifest.xml:3:1-80
17-->src\main\AndroidManifest.xml:3:18-78
18    <uses-permission android:name="android.permission.ACCESS_COARSE_LOCATION" />
18-->[:location] AndroidManifest.xml:9:5-81
18-->[:location] AndroidManifest.xml:9:22-78
19    <uses-permission android:name="android.permission.ACCESS_FINE_LOCATION" /> <!-- Include required permissions for Google Maps API to run. -->
19-->[:location] AndroidManifest.xml:10:5-79
19-->[:location] AndroidManifest.xml:10:22-76
20    <uses-permission android:name="android.permission.ACCESS_NETWORK_STATE" />
20-->[com.google.android.gms:play-services-maps:18.2.0] AndroidManifest.xml:23:5-79
20-->[com.google.android.gms:play-services-maps:18.2.0] AndroidManifest.xml:23:22-76
21
22    <uses-feature
22-->[com.google.android.gms:play-services-maps:18.2.0] AndroidManifest.xml:26:5-28:35
23        android:glEsVersion="0x00020000"
23-->[com.google.android.gms:play-services-maps:18.2.0] AndroidManifest.xml:27:9-41
24        android:required="true" />
24-->[com.google.android.gms:play-services-maps:18.2.0] AndroidManifest.xml:28:9-32
25
26    <queries>
26-->[com.google.android.gms:play-services-maps:18.2.0] AndroidManifest.xml:30:5-34:15
27
28        <!-- Needs to be explicitly declared on Android R+ -->
29        <package android:name="com.google.android.apps.maps" />
29-->[com.google.android.gms:play-services-maps:18.2.0] AndroidManifest.xml:33:9-64
29-->[com.google.android.gms:play-services-maps:18.2.0] AndroidManifest.xml:33:18-61
30    </queries>
31
32    <permission
32-->[androidx.core:core:1.12.0] AndroidManifest.xml:22:5-24:47
33        android:name="com.example.zaoed.DYNAMIC_RECEIVER_NOT_EXPORTED_PERMISSION"
33-->[androidx.core:core:1.12.0] AndroidManifest.xml:23:9-81
34        android:protectionLevel="signature" />
34-->[androidx.core:core:1.12.0] AndroidManifest.xml:24:9-44
35
36    <uses-permission android:name="com.example.zaoed.DYNAMIC_RECEIVER_NOT_EXPORTED_PERMISSION" />
36-->[androidx.core:core:1.12.0] AndroidManifest.xml:26:5-97
36-->[androidx.core:core:1.12.0] AndroidManifest.xml:26:22-94
37    <uses-permission android:name="android.permission.CAMERA" /> <!-- Don't require camera, as this requires a rear camera. This allows it to work on the Nexus 7 -->
37-->[com.journeyapps:zxing-android-embedded:4.3.0] AndroidManifest.xml:22:5-65
37-->[com.journeyapps:zxing-android-embedded:4.3.0] AndroidManifest.xml:22:22-62
38    <uses-feature
38-->[com.journeyapps:zxing-android-embedded:4.3.0] AndroidManifest.xml:25:5-27:36
39        android:name="android.hardware.camera"
39-->[com.journeyapps:zxing-android-embedded:4.3.0] AndroidManifest.xml:26:9-47
40        android:required="false" />
40-->[com.journeyapps:zxing-android-embedded:4.3.0] AndroidManifest.xml:27:9-33
41    <uses-feature
41-->[com.journeyapps:zxing-android-embedded:4.3.0] AndroidManifest.xml:28:5-30:36
42        android:name="android.hardware.camera.front"
42-->[com.journeyapps:zxing-android-embedded:4.3.0] AndroidManifest.xml:29:9-53
43        android:required="false" /> <!-- TODO replace above two with next line after Android 4.2 -->
43-->[com.journeyapps:zxing-android-embedded:4.3.0] AndroidManifest.xml:30:9-33
44    <!-- <uses-feature android:name="android.hardware.camera.any"/> -->
45    <uses-feature
45-->[com.journeyapps:zxing-android-embedded:4.3.0] AndroidManifest.xml:33:5-35:36
46        android:name="android.hardware.camera.autofocus"
46-->[com.journeyapps:zxing-android-embedded:4.3.0] AndroidManifest.xml:34:9-57
47        android:required="false" />
47-->[com.journeyapps:zxing-android-embedded:4.3.0] AndroidManifest.xml:35:9-33
48    <uses-feature
48-->[com.journeyapps:zxing-android-embedded:4.3.0] AndroidManifest.xml:36:5-38:36
49        android:name="android.hardware.camera.flash"
49-->[com.journeyapps:zxing-android-embedded:4.3.0] AndroidManifest.xml:37:9-53
50        android:required="false" />
50-->[com.journeyapps:zxing-android-embedded:4.3.0] AndroidManifest.xml:38:9-33
51    <uses-feature
51-->[com.journeyapps:zxing-android-embedded:4.3.0] AndroidManifest.xml:39:5-41:36
52        android:name="android.hardware.screen.landscape"
52-->[com.journeyapps:zxing-android-embedded:4.3.0] AndroidManifest.xml:40:9-57
53        android:required="false" />
53-->[com.journeyapps:zxing-android-embedded:4.3.0] AndroidManifest.xml:41:9-33
54    <uses-feature
54-->[com.journeyapps:zxing-android-embedded:4.3.0] AndroidManifest.xml:42:5-44:36
55        android:name="android.hardware.wifi"
55-->[com.journeyapps:zxing-android-embedded:4.3.0] AndroidManifest.xml:43:9-45
56        android:required="false" />
56-->[com.journeyapps:zxing-android-embedded:4.3.0] AndroidManifest.xml:44:9-33
57
58    <application
59        android:name="android.app.Application"
60        android:appComponentFactory="androidx.core.app.CoreComponentFactory"
60-->[androidx.core:core:1.12.0] AndroidManifest.xml:28:18-86
61        android:debuggable="true"
62        android:enableOnBackInvokedCallback="true"
63        android:icon="@mipmap/ic_launcher"
64        android:label="zaoed" >
65        <activity
66            android:name="com.example.zaoed.MainActivity"
67            android:configChanges="orientation|keyboardHidden|keyboard|screenSize|smallestScreenSize|locale|layoutDirection|fontScale|screenLayout|density|uiMode"
68            android:exported="true"
69            android:hardwareAccelerated="true"
70            android:launchMode="singleTop"
71            android:theme="@style/LaunchTheme"
72            android:windowSoftInputMode="adjustResize" >
73
74            <!--
75                 Specifies an Android theme to apply to this Activity as soon as
76                 the Android process has started. This theme is visible to the user
77                 while the Flutter UI initializes. After that, this theme continues
78                 to determine the Window background behind the Flutter UI.
79            -->
80            <meta-data
81                android:name="io.flutter.embedding.android.NormalTheme"
82                android:resource="@style/NormalTheme" />
83
84            <intent-filter>
85                <action android:name="android.intent.action.MAIN" />
86
87                <category android:name="android.intent.category.LAUNCHER" />
88            </intent-filter>
89        </activity>
90        <!--
91             Don't delete the meta-data below.
92             This is used by the Flutter tool to generate GeneratedPluginRegistrant.java
93        -->
94        <meta-data
95            android:name="flutterEmbedding"
96            android:value="2" />
97        <meta-data
98            android:name="com.google.android.geo.API_KEY"
99            android:value="AIzaSyB_pskxOAYeFwmfRTn-nQRRVocOj1Dyj6I" />
100
101        <provider
101-->[:image_picker_android] AndroidManifest.xml:10:9-18:20
102            android:name="io.flutter.plugins.imagepicker.ImagePickerFileProvider"
102-->[:image_picker_android] AndroidManifest.xml:11:13-82
103            android:authorities="com.example.zaoed.flutter.image_provider"
103-->[:image_picker_android] AndroidManifest.xml:12:13-74
104            android:exported="false"
104-->[:image_picker_android] AndroidManifest.xml:13:13-37
105            android:grantUriPermissions="true" >
105-->[:image_picker_android] AndroidManifest.xml:14:13-47
106            <meta-data
106-->[:image_picker_android] AndroidManifest.xml:15:13-17:75
107                android:name="android.support.FILE_PROVIDER_PATHS"
107-->[:image_picker_android] AndroidManifest.xml:16:17-67
108                android:resource="@xml/flutter_image_picker_file_paths" />
108-->[:image_picker_android] AndroidManifest.xml:17:17-72
109        </provider>
110
111        <service
111-->[:location] AndroidManifest.xml:13:9-17:56
112            android:name="com.lyokone.location.FlutterLocationService"
112-->[:location] AndroidManifest.xml:14:13-71
113            android:enabled="true"
113-->[:location] AndroidManifest.xml:15:13-35
114            android:exported="false"
114-->[:location] AndroidManifest.xml:16:13-37
115            android:foregroundServiceType="location" />
115-->[:location] AndroidManifest.xml:17:13-53
116
117        <meta-data
117-->[:pay_android] AndroidManifest.xml:14:9-16:36
118            android:name="com.google.android.gms.wallet.api.enabled"
118-->[:pay_android] AndroidManifest.xml:15:13-69
119            android:value="true" />
119-->[:pay_android] AndroidManifest.xml:16:13-33
120
121        <activity
121-->[:url_launcher_android] AndroidManifest.xml:10:9-13:74
122            android:name="io.flutter.plugins.urllauncher.WebViewActivity"
122-->[:url_launcher_android] AndroidManifest.xml:11:13-74
123            android:exported="false"
123-->[:url_launcher_android] AndroidManifest.xml:12:13-37
124            android:theme="@android:style/Theme.NoTitleBar.Fullscreen" /> <!-- Needs to be explicitly declared on P+ -->
124-->[:url_launcher_android] AndroidManifest.xml:13:13-71
125        <uses-library
125-->[com.google.android.gms:play-services-maps:18.2.0] AndroidManifest.xml:39:9-41:40
126            android:name="org.apache.http.legacy"
126-->[com.google.android.gms:play-services-maps:18.2.0] AndroidManifest.xml:40:13-50
127            android:required="false" />
127-->[com.google.android.gms:play-services-maps:18.2.0] AndroidManifest.xml:41:13-37
128
129        <activity
129-->[com.google.android.gms:play-services-auth:20.7.0] AndroidManifest.xml:23:9-27:75
130            android:name="com.google.android.gms.auth.api.signin.internal.SignInHubActivity"
130-->[com.google.android.gms:play-services-auth:20.7.0] AndroidManifest.xml:24:13-93
131            android:excludeFromRecents="true"
131-->[com.google.android.gms:play-services-auth:20.7.0] AndroidManifest.xml:25:13-46
132            android:exported="false"
132-->[com.google.android.gms:play-services-auth:20.7.0] AndroidManifest.xml:26:13-37
133            android:theme="@android:style/Theme.Translucent.NoTitleBar" />
133-->[com.google.android.gms:play-services-auth:20.7.0] AndroidManifest.xml:27:13-72
134        <!--
135            Service handling Google Sign-In user revocation. For apps that do not integrate with
136            Google Sign-In, this service will never be started.
137        -->
138        <service
138-->[com.google.android.gms:play-services-auth:20.7.0] AndroidManifest.xml:33:9-37:51
139            android:name="com.google.android.gms.auth.api.signin.RevocationBoundService"
139-->[com.google.android.gms:play-services-auth:20.7.0] AndroidManifest.xml:34:13-89
140            android:exported="true"
140-->[com.google.android.gms:play-services-auth:20.7.0] AndroidManifest.xml:35:13-36
141            android:permission="com.google.android.gms.auth.api.signin.permission.REVOCATION_NOTIFICATION"
141-->[com.google.android.gms:play-services-auth:20.7.0] AndroidManifest.xml:36:13-107
142            android:visibleToInstantApps="true" />
142-->[com.google.android.gms:play-services-auth:20.7.0] AndroidManifest.xml:37:13-48
143
144        <activity
144-->[com.google.android.gms:play-services-base:18.3.0] AndroidManifest.xml:20:9-22:45
145            android:name="com.google.android.gms.common.api.GoogleApiActivity"
145-->[com.google.android.gms:play-services-base:18.3.0] AndroidManifest.xml:20:19-85
146            android:exported="false"
146-->[com.google.android.gms:play-services-base:18.3.0] AndroidManifest.xml:22:19-43
147            android:theme="@android:style/Theme.Translucent.NoTitleBar" />
147-->[com.google.android.gms:play-services-base:18.3.0] AndroidManifest.xml:21:19-78
148
149        <meta-data
149-->[com.google.android.gms:play-services-basement:18.3.0] AndroidManifest.xml:21:9-23:69
150            android:name="com.google.android.gms.version"
150-->[com.google.android.gms:play-services-basement:18.3.0] AndroidManifest.xml:22:13-58
151            android:value="@integer/google_play_services_version" />
151-->[com.google.android.gms:play-services-basement:18.3.0] AndroidManifest.xml:23:13-66
152
153        <provider
153-->[androidx.emoji2:emoji2:1.0.0] AndroidManifest.xml:26:9-34:20
154            android:name="androidx.startup.InitializationProvider"
154-->[androidx.emoji2:emoji2:1.0.0] AndroidManifest.xml:27:13-67
155            android:authorities="com.example.zaoed.androidx-startup"
155-->[androidx.emoji2:emoji2:1.0.0] AndroidManifest.xml:28:13-68
156            android:exported="false" >
156-->[androidx.emoji2:emoji2:1.0.0] AndroidManifest.xml:29:13-37
157            <meta-data
157-->[androidx.emoji2:emoji2:1.0.0] AndroidManifest.xml:31:13-33:52
158                android:name="androidx.emoji2.text.EmojiCompatInitializer"
158-->[androidx.emoji2:emoji2:1.0.0] AndroidManifest.xml:32:17-75
159                android:value="androidx.startup" />
159-->[androidx.emoji2:emoji2:1.0.0] AndroidManifest.xml:33:17-49
160            <meta-data
160-->[androidx.lifecycle:lifecycle-process:2.6.1] AndroidManifest.xml:29:13-31:52
161                android:name="androidx.lifecycle.ProcessLifecycleInitializer"
161-->[androidx.lifecycle:lifecycle-process:2.6.1] AndroidManifest.xml:30:17-78
162                android:value="androidx.startup" />
162-->[androidx.lifecycle:lifecycle-process:2.6.1] AndroidManifest.xml:31:17-49
163            <meta-data
163-->[androidx.profileinstaller:profileinstaller:1.3.0] AndroidManifest.xml:29:13-31:52
164                android:name="androidx.profileinstaller.ProfileInstallerInitializer"
164-->[androidx.profileinstaller:profileinstaller:1.3.0] AndroidManifest.xml:30:17-85
165                android:value="androidx.startup" />
165-->[androidx.profileinstaller:profileinstaller:1.3.0] AndroidManifest.xml:31:17-49
166        </provider>
167
168        <uses-library
168-->[androidx.window:window:1.0.0-beta04] AndroidManifest.xml:25:9-27:40
169            android:name="androidx.window.extensions"
169-->[androidx.window:window:1.0.0-beta04] AndroidManifest.xml:26:13-54
170            android:required="false" />
170-->[androidx.window:window:1.0.0-beta04] AndroidManifest.xml:27:13-37
171        <uses-library
171-->[androidx.window:window:1.0.0-beta04] AndroidManifest.xml:28:9-30:40
172            android:name="androidx.window.sidecar"
172-->[androidx.window:window:1.0.0-beta04] AndroidManifest.xml:29:13-51
173            android:required="false" />
173-->[androidx.window:window:1.0.0-beta04] AndroidManifest.xml:30:13-37
174
175        <receiver
175-->[androidx.profileinstaller:profileinstaller:1.3.0] AndroidManifest.xml:34:9-52:20
176            android:name="androidx.profileinstaller.ProfileInstallReceiver"
176-->[androidx.profileinstaller:profileinstaller:1.3.0] AndroidManifest.xml:35:13-76
177            android:directBootAware="false"
177-->[androidx.profileinstaller:profileinstaller:1.3.0] AndroidManifest.xml:36:13-44
178            android:enabled="true"
178-->[androidx.profileinstaller:profileinstaller:1.3.0] AndroidManifest.xml:37:13-35
179            android:exported="true"
179-->[androidx.profileinstaller:profileinstaller:1.3.0] AndroidManifest.xml:38:13-36
180            android:permission="android.permission.DUMP" >
180-->[androidx.profileinstaller:profileinstaller:1.3.0] AndroidManifest.xml:39:13-57
181            <intent-filter>
181-->[androidx.profileinstaller:profileinstaller:1.3.0] AndroidManifest.xml:40:13-42:29
182                <action android:name="androidx.profileinstaller.action.INSTALL_PROFILE" />
182-->[androidx.profileinstaller:profileinstaller:1.3.0] AndroidManifest.xml:41:17-91
182-->[androidx.profileinstaller:profileinstaller:1.3.0] AndroidManifest.xml:41:25-88
183            </intent-filter>
184            <intent-filter>
184-->[androidx.profileinstaller:profileinstaller:1.3.0] AndroidManifest.xml:43:13-45:29
185                <action android:name="androidx.profileinstaller.action.SKIP_FILE" />
185-->[androidx.profileinstaller:profileinstaller:1.3.0] AndroidManifest.xml:44:17-85
185-->[androidx.profileinstaller:profileinstaller:1.3.0] AndroidManifest.xml:44:25-82
186            </intent-filter>
187            <intent-filter>
187-->[androidx.profileinstaller:profileinstaller:1.3.0] AndroidManifest.xml:46:13-48:29
188                <action android:name="androidx.profileinstaller.action.SAVE_PROFILE" />
188-->[androidx.profileinstaller:profileinstaller:1.3.0] AndroidManifest.xml:47:17-88
188-->[androidx.profileinstaller:profileinstaller:1.3.0] AndroidManifest.xml:47:25-85
189            </intent-filter>
190            <intent-filter>
190-->[androidx.profileinstaller:profileinstaller:1.3.0] AndroidManifest.xml:49:13-51:29
191                <action android:name="androidx.profileinstaller.action.BENCHMARK_OPERATION" />
191-->[androidx.profileinstaller:profileinstaller:1.3.0] AndroidManifest.xml:50:17-95
191-->[androidx.profileinstaller:profileinstaller:1.3.0] AndroidManifest.xml:50:25-92
192            </intent-filter>
193        </receiver>
194
195        <activity
195-->[com.journeyapps:zxing-android-embedded:4.3.0] AndroidManifest.xml:47:9-53:63
196            android:name="com.journeyapps.barcodescanner.CaptureActivity"
196-->[com.journeyapps:zxing-android-embedded:4.3.0] AndroidManifest.xml:48:13-74
197            android:clearTaskOnLaunch="true"
197-->[com.journeyapps:zxing-android-embedded:4.3.0] AndroidManifest.xml:49:13-45
198            android:screenOrientation="sensorLandscape"
198-->[com.journeyapps:zxing-android-embedded:4.3.0] AndroidManifest.xml:50:13-56
199            android:stateNotNeeded="true"
199-->[com.journeyapps:zxing-android-embedded:4.3.0] AndroidManifest.xml:51:13-42
200            android:theme="@style/zxing_CaptureTheme"
200-->[com.journeyapps:zxing-android-embedded:4.3.0] AndroidManifest.xml:52:13-54
201            android:windowSoftInputMode="stateAlwaysHidden" />
201-->[com.journeyapps:zxing-android-embedded:4.3.0] AndroidManifest.xml:53:13-60
202    </application>
203
204</manifest>